# Running single-site MD simulation.

container                        :  [LinkedCells, VarVerletListsAsBuild, VerletClusterLists, VerletLists, VerletListsCells, PairwiseVerletLists]
verlet-rebuild-frequency         :  10
verlet-skin-radius-per-timestep  :  0.02
fastParticlesThrow               :  false
verlet-cluster-size              :  4
selector-strategy                :  Fastest-Mean-Value
data-layout                      :  [AoS, SoA]
traversal                        :  [lc_c01, lc_c01_combined_SoA, lc_c04, lc_c04_HCP, lc_c04_combined_SoA, lc_c08, lc_c18, lc_sliced, lc_sliced_balanced, lc_sliced_c02, vcl_c01_balanced, vcl_c06, vcl_sliced, vcl_sliced_balanced, vcl_sliced_c02, vl_list_iteration, vlc_c01, vlc_c18, vlc_sliced, vlc_sliced_balanced, vlc_sliced_c02, vlp_c01, vlp_c18, vlp_sliced, vlp_sliced_balanced, vlp_sliced_c02, vvl_as_built]
tuning-strategies                :  []
tuning-interval                  :  1000
tuning-samples                   :  10
functor                          :  Lennard-Jones (12-6) AVX intrinsics
newton3                          :  [disabled, enabled]
cutoff                           :  2
box-min                          :  [0, 0, 0]
box-max                          :  [15, 60, 15]
cell-size                        :  [1]
deltaT                           :  0.00182367
sorting-threshold                :  8
iterations                       :  12000
boundary-type                    :  [periodic, periodic, periodic]
Sites:                           
  0:
    epsilon                      :  1
    sigma                        :  1
    mass                         :  1
Objects:                         
  CubeClosestPacked:
    0:  
      particle-spacing           :  1
      box-length                 :  [14, 6, 14]
      bottomLeftCorner           :  [0.5, 27, 0.5]
      velocity                   :  [0, 0, 0]
      particle-type-id           :  0
vtk-filename                     :  explodingLiquid
vtk-write-frequency              :  1000
use-tuning-logger                :  false
output-suffix                    :  
log-level                        :  info
no-flops                         :  false
no-end-config                    :  true
no-progress-bar                  :  false
load-balancer                    :  InvertedPressure
load-balancing-interval          :  100
subdivide-dimension              :  [true, true, true]


Using 1 Threads
MPI is disabled.
[2024-05-21 16:05:09.321] [AutoPasLog] [info] [AutoPasImpl.h:65] AutoPas Version: 2.0.0-a46cd3a-dirty
[2024-05-21 16:05:09.321] [AutoPasLog] [info] [AutoPasImpl.h:66] Compiled with  : GCC 11.2.0
Total number of particles at the initialization: 1764


